day10/赵卓群/赵卓群作业/app/build/intermediates/manifest_merge_blame_file/release/manifest-merger-blame-release-report.txt
1<?xml version="1.0" encoding="utf-8"?>
2<manifest xmlns:android="http://schemas.android.com/apk/res/android"
3    package="com.example.a1227"
4    android:versionCode="1"
5    android:versionName="1.0" >
6
7    <uses-sdk
8        android:minSdkVersion="22"
8-->src\main\AndroidManifest.xml
9        android:targetSdkVersion="30" />
9-->src\main\AndroidManifest.xml
10    <!-- 这个权限用于进行网络定位 -->
11    <uses-permission android:name="android.permission.ACCESS_COARSE_LOCATION" />
11-->src\main\AndroidManifest.xml:5:5-81
11-->src\main\AndroidManifest.xml:5:22-78
12    <!-- 这个权限用于访问GPS定位 -->
13    <uses-permission android:name="android.permission.ACCESS_FINE_LOCATION" />
13-->src\main\AndroidManifest.xml:7:5-79
13-->src\main\AndroidManifest.xml:7:22-76
14    <!-- 用于访问wifi网络信息，wifi信息会用于进行网络定位 -->
15    <uses-permission android:name="android.permission.ACCESS_WIFI_STATE" />
15-->src\main\AndroidManifest.xml:9:5-76
15-->src\main\AndroidManifest.xml:9:22-73
16    <!-- 获取网络状态，根据网络状态切换进行数据请求网络转换 -->
17    <uses-permission android:name="android.permission.ACCESS_NETWORK_STATE" />
17-->src\main\AndroidManifest.xml:11:5-79
17-->src\main\AndroidManifest.xml:11:22-76
18    <!-- 写外置存储。如果开发者使用了离线地图，并且数据写在外置存储区域，则需要申请该权限 -->
19    <uses-permission android:name="android.permission.WRITE_EXTERNAL_STORAGE" />
19-->src\main\AndroidManifest.xml:13:5-81
19-->src\main\AndroidManifest.xml:13:22-78
20    <!-- 读取外置存储。如果开发者使用了so动态加载功能并且把so文件放在了外置存储区域，则需要申请该权限，否则不需要 -->
21    <uses-permission android:name="android.permission.READ_EXTERNAL_STORAGE" />
21-->src\main\AndroidManifest.xml:15:5-80
21-->src\main\AndroidManifest.xml:15:22-77
22    <!-- 访问网络，进行地图相关业务数据请求，包括地图数据，路线规划，POI检索等 -->
23    <uses-permission android:name="android.permission.INTERNET" />
23-->src\main\AndroidManifest.xml:17:5-67
23-->src\main\AndroidManifest.xml:17:22-64
24    <!-- 调用相机，用于实现扫描二维码，预览个性化地图编辑器生成的个性化地图样式（开发者实际开发中地图SDK不需要该权限） -->
25    <uses-permission android:name="android.permission.CAMERA" />
25-->src\main\AndroidManifest.xml:19:5-65
25-->src\main\AndroidManifest.xml:19:22-62
26
27    <application
27-->src\main\AndroidManifest.xml:20:5-38:19
28        android:allowBackup="true"
28-->src\main\AndroidManifest.xml:21:9-35
29        android:appComponentFactory="androidx.core.app.CoreComponentFactory"
29-->[androidx.core:core:1.3.1] AndroidManifest.xml:24:18-86
30        android:icon="@mipmap/ic_launcher"
30-->src\main\AndroidManifest.xml:22:9-43
31        android:label="@string/app_name"
31-->src\main\AndroidManifest.xml:23:9-41
32        android:roundIcon="@mipmap/ic_launcher_round"
32-->src\main\AndroidManifest.xml:24:9-54
33        android:supportsRtl="true"
33-->src\main\AndroidManifest.xml:25:9-35
34        android:theme="@style/AppTheme" >
34-->src\main\AndroidManifest.xml:26:9-40
35        <meta-data
35-->src\main\AndroidManifest.xml:28:9-30:64
36            android:name="com.baidu.lbsapi.API_KEY"
36-->src\main\AndroidManifest.xml:29:13-52
37            android:value="Oz9tGbXnFCGNn2Or8P2KSkRR273H44oy" />
37-->src\main\AndroidManifest.xml:30:13-61
38
39        <activity android:name="com.example.a1227.MainActivity" >
39-->src\main\AndroidManifest.xml:31:9-37:20
39-->src\main\AndroidManifest.xml:31:19-47
40            <intent-filter>
40-->src\main\AndroidManifest.xml:32:13-36:29
41                <action android:name="android.intent.action.MAIN" />
41-->src\main\AndroidManifest.xml:33:17-69
41-->src\main\AndroidManifest.xml:33:25-66
42
43                <category android:name="android.intent.category.LAUNCHER" />
43-->src\main\AndroidManifest.xml:35:17-77
43-->src\main\AndroidManifest.xml:35:27-74
44            </intent-filter>
45        </activity>
46    </application>
47
48</manifest>